[15-Jan-2024 12:02:44 UTC] PHP Warning:  Cannot modify header information - headers already sent by (output started at /var/www/html/public/index.php:1) in /var/www/html/public/index.php on line 30
[15-Jan-2024 12:02:44 UTC] PHP Warning:  Cannot modify header information - headers already sent by (output started at /var/www/html/public/index.php:1) in /var/www/html/public/index.php on line 31
[16-Jan-2024 04:30:06 UTC] PHP Deprecated:  Function ReflectionType::__toString() is deprecated in C:\Apache\htdocs\CustomMVC\src\Framework\Container.php on line 30
[16-Jan-2024 04:30:06 UTC] PHP Deprecated:  Function ReflectionType::__toString() is deprecated in C:\Apache\htdocs\CustomMVC\src\Framework\Container.php on line 30
[16-Jan-2024 04:30:06 UTC] PHP Warning:  Use of undefined constant name - assumed 'name' (this will throw an Error in a future version of PHP) in C:\Apache\htdocs\CustomMVC\src\Framework\WARDTemplateViewer.php(9) : eval()'d code on line 11
[16-Jan-2024 04:30:06 UTC] PHP Warning:  Use of undefined constant id - assumed 'id' (this will throw an Error in a future version of PHP) in C:\Apache\htdocs\CustomMVC\src\Framework\WARDTemplateViewer.php(9) : eval()'d code on line 12
[16-Jan-2024 04:30:06 UTC] PHP Warning:  Use of undefined constant name - assumed 'name' (this will throw an Error in a future version of PHP) in C:\Apache\htdocs\CustomMVC\src\Framework\WARDTemplateViewer.php(9) : eval()'d code on line 11
[16-Jan-2024 04:30:06 UTC] PHP Warning:  Use of undefined constant id - assumed 'id' (this will throw an Error in a future version of PHP) in C:\Apache\htdocs\CustomMVC\src\Framework\WARDTemplateViewer.php(9) : eval()'d code on line 12
[16-Jan-2024 04:30:06 UTC] PHP Warning:  Use of undefined constant name - assumed 'name' (this will throw an Error in a future version of PHP) in C:\Apache\htdocs\CustomMVC\src\Framework\WARDTemplateViewer.php(9) : eval()'d code on line 11
[16-Jan-2024 04:30:06 UTC] PHP Warning:  Use of undefined constant id - assumed 'id' (this will throw an Error in a future version of PHP) in C:\Apache\htdocs\CustomMVC\src\Framework\WARDTemplateViewer.php(9) : eval()'d code on line 12
[16-Jan-2024 04:30:06 UTC] PHP Warning:  Use of undefined constant name - assumed 'name' (this will throw an Error in a future version of PHP) in C:\Apache\htdocs\CustomMVC\src\Framework\WARDTemplateViewer.php(9) : eval()'d code on line 11
[16-Jan-2024 04:30:06 UTC] PHP Warning:  Use of undefined constant id - assumed 'id' (this will throw an Error in a future version of PHP) in C:\Apache\htdocs\CustomMVC\src\Framework\WARDTemplateViewer.php(9) : eval()'d code on line 12
[16-Jan-2024 04:30:06 UTC] PHP Warning:  Use of undefined constant name - assumed 'name' (this will throw an Error in a future version of PHP) in C:\Apache\htdocs\CustomMVC\src\Framework\WARDTemplateViewer.php(9) : eval()'d code on line 11
[16-Jan-2024 04:30:06 UTC] PHP Warning:  Use of undefined constant id - assumed 'id' (this will throw an Error in a future version of PHP) in C:\Apache\htdocs\CustomMVC\src\Framework\WARDTemplateViewer.php(9) : eval()'d code on line 12
[16-Jan-2024 04:30:06 UTC] PHP Warning:  Use of undefined constant name - assumed 'name' (this will throw an Error in a future version of PHP) in C:\Apache\htdocs\CustomMVC\src\Framework\WARDTemplateViewer.php(9) : eval()'d code on line 11
[16-Jan-2024 04:30:06 UTC] PHP Warning:  Use of undefined constant id - assumed 'id' (this will throw an Error in a future version of PHP) in C:\Apache\htdocs\CustomMVC\src\Framework\WARDTemplateViewer.php(9) : eval()'d code on line 12
[16-Jan-2024 04:33:31 UTC] PHP Deprecated:  Function ReflectionType::__toString() is deprecated in C:\Apache\htdocs\CustomMVC\src\Framework\Container.php on line 30
[16-Jan-2024 04:33:31 UTC] PHP Deprecated:  Function ReflectionType::__toString() is deprecated in C:\Apache\htdocs\CustomMVC\src\Framework\Container.php on line 30
[16-Jan-2024 04:33:31 UTC] PHP Fatal error:  Uncaught TypeError: Argument 1 passed to Framework\Response::setBody() must be of the type string, null given, called in C:\Apache\htdocs\CustomMVC\src\App\Controllers\Prodacts.php on line 15 and defined in C:\Apache\htdocs\CustomMVC\src\Framework\Response.php:6
Stack trace:
#0 C:\Apache\htdocs\CustomMVC\src\App\Controllers\Prodacts.php(15): Framework\Response->setBody(NULL)
#1 C:\Apache\htdocs\CustomMVC\src\Framework\Dispatcher.php(32): App\Controllers\Prodacts->index()
#2 C:\Apache\htdocs\CustomMVC\public\index.php(33): Framework\Dispatcher->handle(Object(Framework\Request))
#3 {main}
  thrown in C:\Apache\htdocs\CustomMVC\src\Framework\Response.php on line 6
[16-Jan-2024 04:33:33 UTC] PHP Deprecated:  Function ReflectionType::__toString() is deprecated in C:\Apache\htdocs\CustomMVC\src\Framework\Container.php on line 30
[16-Jan-2024 04:33:33 UTC] PHP Deprecated:  Function ReflectionType::__toString() is deprecated in C:\Apache\htdocs\CustomMVC\src\Framework\Container.php on line 30
[16-Jan-2024 04:33:33 UTC] PHP Fatal error:  Uncaught TypeError: Argument 1 passed to Framework\Response::setBody() must be of the type string, null given, called in C:\Apache\htdocs\CustomMVC\src\App\Controllers\Prodacts.php on line 15 and defined in C:\Apache\htdocs\CustomMVC\src\Framework\Response.php:6
Stack trace:
#0 C:\Apache\htdocs\CustomMVC\src\App\Controllers\Prodacts.php(15): Framework\Response->setBody(NULL)
#1 C:\Apache\htdocs\CustomMVC\src\Framework\Dispatcher.php(32): App\Controllers\Prodacts->index()
#2 C:\Apache\htdocs\CustomMVC\public\index.php(33): Framework\Dispatcher->handle(Object(Framework\Request))
#3 {main}
  thrown in C:\Apache\htdocs\CustomMVC\src\Framework\Response.php on line 6
[16-Jan-2024 04:33:38 UTC] PHP Deprecated:  Function ReflectionType::__toString() is deprecated in C:\Apache\htdocs\CustomMVC\src\Framework\Container.php on line 30
[16-Jan-2024 04:33:38 UTC] PHP Deprecated:  Function ReflectionType::__toString() is deprecated in C:\Apache\htdocs\CustomMVC\src\Framework\Container.php on line 30
[16-Jan-2024 04:33:38 UTC] PHP Fatal error:  Uncaught TypeError: Argument 1 passed to Framework\Response::setBody() must be of the type string, null given, called in C:\Apache\htdocs\CustomMVC\src\App\Controllers\Prodacts.php on line 15 and defined in C:\Apache\htdocs\CustomMVC\src\Framework\Response.php:6
Stack trace:
#0 C:\Apache\htdocs\CustomMVC\src\App\Controllers\Prodacts.php(15): Framework\Response->setBody(NULL)
#1 C:\Apache\htdocs\CustomMVC\src\Framework\Dispatcher.php(32): App\Controllers\Prodacts->index()
#2 C:\Apache\htdocs\CustomMVC\public\index.php(33): Framework\Dispatcher->handle(Object(Framework\Request))
#3 {main}
  thrown in C:\Apache\htdocs\CustomMVC\src\Framework\Response.php on line 6
[16-Jan-2024 04:34:06 UTC] PHP Deprecated:  Function ReflectionType::__toString() is deprecated in C:\Apache\htdocs\CustomMVC\src\Framework\Container.php on line 30
[16-Jan-2024 04:34:06 UTC] PHP Deprecated:  Function ReflectionType::__toString() is deprecated in C:\Apache\htdocs\CustomMVC\src\Framework\Container.php on line 30
[16-Jan-2024 04:34:06 UTC] PHP Fatal error:  Uncaught TypeError: Argument 1 passed to Framework\Response::setBody() must be of the type string, null given, called in C:\Apache\htdocs\CustomMVC\src\App\Controllers\Prodacts.php on line 15 and defined in C:\Apache\htdocs\CustomMVC\src\Framework\Response.php:6
Stack trace:
#0 C:\Apache\htdocs\CustomMVC\src\App\Controllers\Prodacts.php(15): Framework\Response->setBody(NULL)
#1 C:\Apache\htdocs\CustomMVC\src\Framework\Dispatcher.php(32): App\Controllers\Prodacts->index()
#2 C:\Apache\htdocs\CustomMVC\public\index.php(33): Framework\Dispatcher->handle(Object(Framework\Request))
#3 {main}
  thrown in C:\Apache\htdocs\CustomMVC\src\Framework\Response.php on line 6
[16-Jan-2024 04:35:41 UTC] PHP Deprecated:  Function ReflectionType::__toString() is deprecated in C:\Apache\htdocs\CustomMVC\src\Framework\Container.php on line 30
[16-Jan-2024 04:35:41 UTC] PHP Deprecated:  Function ReflectionType::__toString() is deprecated in C:\Apache\htdocs\CustomMVC\src\Framework\Container.php on line 30
[16-Jan-2024 04:35:41 UTC] PHP Warning:  Use of undefined constant name - assumed 'name' (this will throw an Error in a future version of PHP) in C:\Apache\htdocs\CustomMVC\src\Framework\WARDTemplateViewer.php(9) : eval()'d code on line 11
[16-Jan-2024 04:35:41 UTC] PHP Warning:  Use of undefined constant id - assumed 'id' (this will throw an Error in a future version of PHP) in C:\Apache\htdocs\CustomMVC\src\Framework\WARDTemplateViewer.php(9) : eval()'d code on line 12
[16-Jan-2024 04:35:41 UTC] PHP Warning:  Use of undefined constant name - assumed 'name' (this will throw an Error in a future version of PHP) in C:\Apache\htdocs\CustomMVC\src\Framework\WARDTemplateViewer.php(9) : eval()'d code on line 11
[16-Jan-2024 04:35:41 UTC] PHP Warning:  Use of undefined constant id - assumed 'id' (this will throw an Error in a future version of PHP) in C:\Apache\htdocs\CustomMVC\src\Framework\WARDTemplateViewer.php(9) : eval()'d code on line 12
[16-Jan-2024 04:35:41 UTC] PHP Warning:  Use of undefined constant name - assumed 'name' (this will throw an Error in a future version of PHP) in C:\Apache\htdocs\CustomMVC\src\Framework\WARDTemplateViewer.php(9) : eval()'d code on line 11
[16-Jan-2024 04:35:41 UTC] PHP Warning:  Use of undefined constant id - assumed 'id' (this will throw an Error in a future version of PHP) in C:\Apache\htdocs\CustomMVC\src\Framework\WARDTemplateViewer.php(9) : eval()'d code on line 12
[16-Jan-2024 04:35:41 UTC] PHP Warning:  Use of undefined constant name - assumed 'name' (this will throw an Error in a future version of PHP) in C:\Apache\htdocs\CustomMVC\src\Framework\WARDTemplateViewer.php(9) : eval()'d code on line 11
[16-Jan-2024 04:35:41 UTC] PHP Warning:  Use of undefined constant id - assumed 'id' (this will throw an Error in a future version of PHP) in C:\Apache\htdocs\CustomMVC\src\Framework\WARDTemplateViewer.php(9) : eval()'d code on line 12
[16-Jan-2024 04:35:41 UTC] PHP Warning:  Use of undefined constant name - assumed 'name' (this will throw an Error in a future version of PHP) in C:\Apache\htdocs\CustomMVC\src\Framework\WARDTemplateViewer.php(9) : eval()'d code on line 11
[16-Jan-2024 04:35:41 UTC] PHP Warning:  Use of undefined constant id - assumed 'id' (this will throw an Error in a future version of PHP) in C:\Apache\htdocs\CustomMVC\src\Framework\WARDTemplateViewer.php(9) : eval()'d code on line 12
[16-Jan-2024 04:35:41 UTC] PHP Warning:  Use of undefined constant name - assumed 'name' (this will throw an Error in a future version of PHP) in C:\Apache\htdocs\CustomMVC\src\Framework\WARDTemplateViewer.php(9) : eval()'d code on line 11
[16-Jan-2024 04:35:41 UTC] PHP Warning:  Use of undefined constant id - assumed 'id' (this will throw an Error in a future version of PHP) in C:\Apache\htdocs\CustomMVC\src\Framework\WARDTemplateViewer.php(9) : eval()'d code on line 12
[16-Jan-2024 04:35:58 UTC] PHP Deprecated:  Function ReflectionType::__toString() is deprecated in C:\Apache\htdocs\CustomMVC\src\Framework\Container.php on line 30
[16-Jan-2024 04:35:58 UTC] PHP Deprecated:  Function ReflectionType::__toString() is deprecated in C:\Apache\htdocs\CustomMVC\src\Framework\Container.php on line 30
[16-Jan-2024 04:36:46 UTC] PHP Deprecated:  Function ReflectionType::__toString() is deprecated in C:\Apache\htdocs\CustomMVC\src\Framework\Container.php on line 30
[16-Jan-2024 04:36:46 UTC] PHP Deprecated:  Function ReflectionType::__toString() is deprecated in C:\Apache\htdocs\CustomMVC\src\Framework\Container.php on line 30
[16-Jan-2024 04:37:27 UTC] PHP Deprecated:  Function ReflectionType::__toString() is deprecated in C:\Apache\htdocs\CustomMVC\src\Framework\Container.php on line 30
[16-Jan-2024 04:37:27 UTC] PHP Deprecated:  Function ReflectionType::__toString() is deprecated in C:\Apache\htdocs\CustomMVC\src\Framework\Container.php on line 30
[16-Jan-2024 04:37:29 UTC] PHP Deprecated:  Function ReflectionType::__toString() is deprecated in C:\Apache\htdocs\CustomMVC\src\Framework\Container.php on line 30
[16-Jan-2024 04:37:29 UTC] PHP Deprecated:  Function ReflectionType::__toString() is deprecated in C:\Apache\htdocs\CustomMVC\src\Framework\Container.php on line 30
[16-Jan-2024 04:37:42 UTC] PHP Deprecated:  Function ReflectionType::__toString() is deprecated in C:\Apache\htdocs\CustomMVC\src\Framework\Container.php on line 30
[16-Jan-2024 04:37:42 UTC] PHP Deprecated:  Function ReflectionType::__toString() is deprecated in C:\Apache\htdocs\CustomMVC\src\Framework\Container.php on line 30
[16-Jan-2024 04:37:42 UTC] PHP Parse error:  syntax error, unexpected '<', expecting end of file in C:\Apache\htdocs\CustomMVC\src\Framework\WARDTemplateViewer.php(9) : eval()'d code on line 1
[16-Jan-2024 04:37:42 UTC] PHP Fatal error:  Exception thrown without a stack frame in Unknown on line 0
[16-Jan-2024 04:37:44 UTC] PHP Deprecated:  Function ReflectionType::__toString() is deprecated in C:\Apache\htdocs\CustomMVC\src\Framework\Container.php on line 30
[16-Jan-2024 04:37:44 UTC] PHP Deprecated:  Function ReflectionType::__toString() is deprecated in C:\Apache\htdocs\CustomMVC\src\Framework\Container.php on line 30
[16-Jan-2024 04:37:44 UTC] PHP Parse error:  syntax error, unexpected '<', expecting end of file in C:\Apache\htdocs\CustomMVC\src\Framework\WARDTemplateViewer.php(9) : eval()'d code on line 1
[16-Jan-2024 04:37:44 UTC] PHP Fatal error:  Exception thrown without a stack frame in Unknown on line 0
[16-Jan-2024 04:37:57 UTC] PHP Deprecated:  Function ReflectionType::__toString() is deprecated in C:\Apache\htdocs\CustomMVC\src\Framework\Container.php on line 30
[16-Jan-2024 04:37:57 UTC] PHP Deprecated:  Function ReflectionType::__toString() is deprecated in C:\Apache\htdocs\CustomMVC\src\Framework\Container.php on line 30
[16-Jan-2024 04:37:57 UTC] PHP Fatal error:  Uncaught TypeError: Argument 1 passed to Framework\Response::setBody() must be of the type string, null given, called in C:\Apache\htdocs\CustomMVC\src\App\Controllers\Prodacts.php on line 15 and defined in C:\Apache\htdocs\CustomMVC\src\Framework\Response.php:6
Stack trace:
#0 C:\Apache\htdocs\CustomMVC\src\App\Controllers\Prodacts.php(15): Framework\Response->setBody(NULL)
#1 C:\Apache\htdocs\CustomMVC\src\Framework\Dispatcher.php(32): App\Controllers\Prodacts->index()
#2 C:\Apache\htdocs\CustomMVC\public\index.php(33): Framework\Dispatcher->handle(Object(Framework\Request))
#3 {main}
  thrown in C:\Apache\htdocs\CustomMVC\src\Framework\Response.php on line 6
[16-Jan-2024 04:38:22 UTC] PHP Deprecated:  Function ReflectionType::__toString() is deprecated in C:\Apache\htdocs\CustomMVC\src\Framework\Container.php on line 30
[16-Jan-2024 04:38:22 UTC] PHP Deprecated:  Function ReflectionType::__toString() is deprecated in C:\Apache\htdocs\CustomMVC\src\Framework\Container.php on line 30
[16-Jan-2024 04:38:22 UTC] PHP Fatal error:  Uncaught TypeError: Argument 1 passed to Framework\Response::setBody() must be of the type string, null given, called in C:\Apache\htdocs\CustomMVC\src\App\Controllers\Prodacts.php on line 15 and defined in C:\Apache\htdocs\CustomMVC\src\Framework\Response.php:6
Stack trace:
#0 C:\Apache\htdocs\CustomMVC\src\App\Controllers\Prodacts.php(15): Framework\Response->setBody(NULL)
#1 C:\Apache\htdocs\CustomMVC\src\Framework\Dispatcher.php(32): App\Controllers\Prodacts->index()
#2 C:\Apache\htdocs\CustomMVC\public\index.php(33): Framework\Dispatcher->handle(Object(Framework\Request))
#3 {main}
  thrown in C:\Apache\htdocs\CustomMVC\src\Framework\Response.php on line 6
[16-Jan-2024 04:38:23 UTC] PHP Deprecated:  Function ReflectionType::__toString() is deprecated in C:\Apache\htdocs\CustomMVC\src\Framework\Container.php on line 30
[16-Jan-2024 04:38:23 UTC] PHP Deprecated:  Function ReflectionType::__toString() is deprecated in C:\Apache\htdocs\CustomMVC\src\Framework\Container.php on line 30
[16-Jan-2024 04:38:23 UTC] PHP Fatal error:  Uncaught TypeError: Argument 1 passed to Framework\Response::setBody() must be of the type string, null given, called in C:\Apache\htdocs\CustomMVC\src\App\Controllers\Prodacts.php on line 15 and defined in C:\Apache\htdocs\CustomMVC\src\Framework\Response.php:6
Stack trace:
#0 C:\Apache\htdocs\CustomMVC\src\App\Controllers\Prodacts.php(15): Framework\Response->setBody(NULL)
#1 C:\Apache\htdocs\CustomMVC\src\Framework\Dispatcher.php(32): App\Controllers\Prodacts->index()
#2 C:\Apache\htdocs\CustomMVC\public\index.php(33): Framework\Dispatcher->handle(Object(Framework\Request))
#3 {main}
  thrown in C:\Apache\htdocs\CustomMVC\src\Framework\Response.php on line 6
[16-Jan-2024 04:41:19 UTC] PHP Deprecated:  Function ReflectionType::__toString() is deprecated in C:\Apache\htdocs\CustomMVC\src\Framework\Container.php on line 30
[16-Jan-2024 04:41:19 UTC] PHP Deprecated:  Function ReflectionType::__toString() is deprecated in C:\Apache\htdocs\CustomMVC\src\Framework\Container.php on line 30
[16-Jan-2024 04:41:19 UTC] PHP Warning:  Use of undefined constant name - assumed 'name' (this will throw an Error in a future version of PHP) in C:\Apache\htdocs\CustomMVC\src\Framework\WARDTemplateViewer.php(10) : eval()'d code on line 11
[16-Jan-2024 04:41:19 UTC] PHP Warning:  Use of undefined constant id - assumed 'id' (this will throw an Error in a future version of PHP) in C:\Apache\htdocs\CustomMVC\src\Framework\WARDTemplateViewer.php(10) : eval()'d code on line 12
[16-Jan-2024 04:41:19 UTC] PHP Warning:  Use of undefined constant name - assumed 'name' (this will throw an Error in a future version of PHP) in C:\Apache\htdocs\CustomMVC\src\Framework\WARDTemplateViewer.php(10) : eval()'d code on line 11
[16-Jan-2024 04:41:19 UTC] PHP Warning:  Use of undefined constant id - assumed 'id' (this will throw an Error in a future version of PHP) in C:\Apache\htdocs\CustomMVC\src\Framework\WARDTemplateViewer.php(10) : eval()'d code on line 12
[16-Jan-2024 04:41:19 UTC] PHP Warning:  Use of undefined constant name - assumed 'name' (this will throw an Error in a future version of PHP) in C:\Apache\htdocs\CustomMVC\src\Framework\WARDTemplateViewer.php(10) : eval()'d code on line 11
[16-Jan-2024 04:41:19 UTC] PHP Warning:  Use of undefined constant id - assumed 'id' (this will throw an Error in a future version of PHP) in C:\Apache\htdocs\CustomMVC\src\Framework\WARDTemplateViewer.php(10) : eval()'d code on line 12
[16-Jan-2024 04:41:19 UTC] PHP Warning:  Use of undefined constant name - assumed 'name' (this will throw an Error in a future version of PHP) in C:\Apache\htdocs\CustomMVC\src\Framework\WARDTemplateViewer.php(10) : eval()'d code on line 11
[16-Jan-2024 04:41:19 UTC] PHP Warning:  Use of undefined constant id - assumed 'id' (this will throw an Error in a future version of PHP) in C:\Apache\htdocs\CustomMVC\src\Framework\WARDTemplateViewer.php(10) : eval()'d code on line 12
[16-Jan-2024 04:41:19 UTC] PHP Warning:  Use of undefined constant name - assumed 'name' (this will throw an Error in a future version of PHP) in C:\Apache\htdocs\CustomMVC\src\Framework\WARDTemplateViewer.php(10) : eval()'d code on line 11
[16-Jan-2024 04:41:19 UTC] PHP Warning:  Use of undefined constant id - assumed 'id' (this will throw an Error in a future version of PHP) in C:\Apache\htdocs\CustomMVC\src\Framework\WARDTemplateViewer.php(10) : eval()'d code on line 12
[16-Jan-2024 04:41:19 UTC] PHP Warning:  Use of undefined constant name - assumed 'name' (this will throw an Error in a future version of PHP) in C:\Apache\htdocs\CustomMVC\src\Framework\WARDTemplateViewer.php(10) : eval()'d code on line 11
[16-Jan-2024 04:41:19 UTC] PHP Warning:  Use of undefined constant id - assumed 'id' (this will throw an Error in a future version of PHP) in C:\Apache\htdocs\CustomMVC\src\Framework\WARDTemplateViewer.php(10) : eval()'d code on line 12
[16-Jan-2024 04:41:21 UTC] PHP Deprecated:  Function ReflectionType::__toString() is deprecated in C:\Apache\htdocs\CustomMVC\src\Framework\Container.php on line 30
[16-Jan-2024 04:41:21 UTC] PHP Deprecated:  Function ReflectionType::__toString() is deprecated in C:\Apache\htdocs\CustomMVC\src\Framework\Container.php on line 30
[16-Jan-2024 04:41:21 UTC] PHP Warning:  Use of undefined constant name - assumed 'name' (this will throw an Error in a future version of PHP) in C:\Apache\htdocs\CustomMVC\src\Framework\WARDTemplateViewer.php(10) : eval()'d code on line 11
[16-Jan-2024 04:41:21 UTC] PHP Warning:  Use of undefined constant id - assumed 'id' (this will throw an Error in a future version of PHP) in C:\Apache\htdocs\CustomMVC\src\Framework\WARDTemplateViewer.php(10) : eval()'d code on line 12
[16-Jan-2024 04:41:21 UTC] PHP Warning:  Use of undefined constant name - assumed 'name' (this will throw an Error in a future version of PHP) in C:\Apache\htdocs\CustomMVC\src\Framework\WARDTemplateViewer.php(10) : eval()'d code on line 11
[16-Jan-2024 04:41:21 UTC] PHP Warning:  Use of undefined constant id - assumed 'id' (this will throw an Error in a future version of PHP) in C:\Apache\htdocs\CustomMVC\src\Framework\WARDTemplateViewer.php(10) : eval()'d code on line 12
[16-Jan-2024 04:41:21 UTC] PHP Warning:  Use of undefined constant name - assumed 'name' (this will throw an Error in a future version of PHP) in C:\Apache\htdocs\CustomMVC\src\Framework\WARDTemplateViewer.php(10) : eval()'d code on line 11
[16-Jan-2024 04:41:21 UTC] PHP Warning:  Use of undefined constant id - assumed 'id' (this will throw an Error in a future version of PHP) in C:\Apache\htdocs\CustomMVC\src\Framework\WARDTemplateViewer.php(10) : eval()'d code on line 12
[16-Jan-2024 04:41:21 UTC] PHP Warning:  Use of undefined constant name - assumed 'name' (this will throw an Error in a future version of PHP) in C:\Apache\htdocs\CustomMVC\src\Framework\WARDTemplateViewer.php(10) : eval()'d code on line 11
[16-Jan-2024 04:41:21 UTC] PHP Warning:  Use of undefined constant id - assumed 'id' (this will throw an Error in a future version of PHP) in C:\Apache\htdocs\CustomMVC\src\Framework\WARDTemplateViewer.php(10) : eval()'d code on line 12
[16-Jan-2024 04:41:21 UTC] PHP Warning:  Use of undefined constant name - assumed 'name' (this will throw an Error in a future version of PHP) in C:\Apache\htdocs\CustomMVC\src\Framework\WARDTemplateViewer.php(10) : eval()'d code on line 11
[16-Jan-2024 04:41:21 UTC] PHP Warning:  Use of undefined constant id - assumed 'id' (this will throw an Error in a future version of PHP) in C:\Apache\htdocs\CustomMVC\src\Framework\WARDTemplateViewer.php(10) : eval()'d code on line 12
[16-Jan-2024 04:41:21 UTC] PHP Warning:  Use of undefined constant name - assumed 'name' (this will throw an Error in a future version of PHP) in C:\Apache\htdocs\CustomMVC\src\Framework\WARDTemplateViewer.php(10) : eval()'d code on line 11
[16-Jan-2024 04:41:21 UTC] PHP Warning:  Use of undefined constant id - assumed 'id' (this will throw an Error in a future version of PHP) in C:\Apache\htdocs\CustomMVC\src\Framework\WARDTemplateViewer.php(10) : eval()'d code on line 12
[16-Jan-2024 04:42:30 UTC] PHP Deprecated:  Function ReflectionType::__toString() is deprecated in C:\Apache\htdocs\CustomMVC\src\Framework\Container.php on line 30
[16-Jan-2024 04:42:30 UTC] PHP Deprecated:  Function ReflectionType::__toString() is deprecated in C:\Apache\htdocs\CustomMVC\src\Framework\Container.php on line 30
[16-Jan-2024 04:42:30 UTC] PHP Warning:  Use of undefined constant name - assumed 'name' (this will throw an Error in a future version of PHP) in C:\Apache\htdocs\CustomMVC\src\Framework\WARDTemplateViewer.php(10) : eval()'d code on line 11
[16-Jan-2024 04:42:30 UTC] PHP Warning:  Use of undefined constant id - assumed 'id' (this will throw an Error in a future version of PHP) in C:\Apache\htdocs\CustomMVC\src\Framework\WARDTemplateViewer.php(10) : eval()'d code on line 12
[16-Jan-2024 04:42:30 UTC] PHP Warning:  Use of undefined constant name - assumed 'name' (this will throw an Error in a future version of PHP) in C:\Apache\htdocs\CustomMVC\src\Framework\WARDTemplateViewer.php(10) : eval()'d code on line 11
[16-Jan-2024 04:42:30 UTC] PHP Warning:  Use of undefined constant id - assumed 'id' (this will throw an Error in a future version of PHP) in C:\Apache\htdocs\CustomMVC\src\Framework\WARDTemplateViewer.php(10) : eval()'d code on line 12
[16-Jan-2024 04:42:30 UTC] PHP Warning:  Use of undefined constant name - assumed 'name' (this will throw an Error in a future version of PHP) in C:\Apache\htdocs\CustomMVC\src\Framework\WARDTemplateViewer.php(10) : eval()'d code on line 11
[16-Jan-2024 04:42:30 UTC] PHP Warning:  Use of undefined constant id - assumed 'id' (this will throw an Error in a future version of PHP) in C:\Apache\htdocs\CustomMVC\src\Framework\WARDTemplateViewer.php(10) : eval()'d code on line 12
[16-Jan-2024 04:42:30 UTC] PHP Warning:  Use of undefined constant name - assumed 'name' (this will throw an Error in a future version of PHP) in C:\Apache\htdocs\CustomMVC\src\Framework\WARDTemplateViewer.php(10) : eval()'d code on line 11
[16-Jan-2024 04:42:30 UTC] PHP Warning:  Use of undefined constant id - assumed 'id' (this will throw an Error in a future version of PHP) in C:\Apache\htdocs\CustomMVC\src\Framework\WARDTemplateViewer.php(10) : eval()'d code on line 12
[16-Jan-2024 04:42:30 UTC] PHP Warning:  Use of undefined constant name - assumed 'name' (this will throw an Error in a future version of PHP) in C:\Apache\htdocs\CustomMVC\src\Framework\WARDTemplateViewer.php(10) : eval()'d code on line 11
[16-Jan-2024 04:42:30 UTC] PHP Warning:  Use of undefined constant id - assumed 'id' (this will throw an Error in a future version of PHP) in C:\Apache\htdocs\CustomMVC\src\Framework\WARDTemplateViewer.php(10) : eval()'d code on line 12
[16-Jan-2024 04:42:30 UTC] PHP Warning:  Use of undefined constant name - assumed 'name' (this will throw an Error in a future version of PHP) in C:\Apache\htdocs\CustomMVC\src\Framework\WARDTemplateViewer.php(10) : eval()'d code on line 11
[16-Jan-2024 04:42:30 UTC] PHP Warning:  Use of undefined constant id - assumed 'id' (this will throw an Error in a future version of PHP) in C:\Apache\htdocs\CustomMVC\src\Framework\WARDTemplateViewer.php(10) : eval()'d code on line 12
[16-Jan-2024 04:42:44 UTC] PHP Deprecated:  Function ReflectionType::__toString() is deprecated in C:\Apache\htdocs\CustomMVC\src\Framework\Container.php on line 30
[16-Jan-2024 04:42:44 UTC] PHP Deprecated:  Function ReflectionType::__toString() is deprecated in C:\Apache\htdocs\CustomMVC\src\Framework\Container.php on line 30
[16-Jan-2024 04:42:44 UTC] PHP Warning:  Use of undefined constant name - assumed 'name' (this will throw an Error in a future version of PHP) in C:\Apache\htdocs\CustomMVC\src\Framework\WARDTemplateViewer.php(10) : eval()'d code on line 11
[16-Jan-2024 04:42:44 UTC] PHP Warning:  Use of undefined constant id - assumed 'id' (this will throw an Error in a future version of PHP) in C:\Apache\htdocs\CustomMVC\src\Framework\WARDTemplateViewer.php(10) : eval()'d code on line 12
[16-Jan-2024 04:42:44 UTC] PHP Warning:  Use of undefined constant name - assumed 'name' (this will throw an Error in a future version of PHP) in C:\Apache\htdocs\CustomMVC\src\Framework\WARDTemplateViewer.php(10) : eval()'d code on line 11
[16-Jan-2024 04:42:44 UTC] PHP Warning:  Use of undefined constant id - assumed 'id' (this will throw an Error in a future version of PHP) in C:\Apache\htdocs\CustomMVC\src\Framework\WARDTemplateViewer.php(10) : eval()'d code on line 12
[16-Jan-2024 04:42:44 UTC] PHP Warning:  Use of undefined constant name - assumed 'name' (this will throw an Error in a future version of PHP) in C:\Apache\htdocs\CustomMVC\src\Framework\WARDTemplateViewer.php(10) : eval()'d code on line 11
[16-Jan-2024 04:42:44 UTC] PHP Warning:  Use of undefined constant id - assumed 'id' (this will throw an Error in a future version of PHP) in C:\Apache\htdocs\CustomMVC\src\Framework\WARDTemplateViewer.php(10) : eval()'d code on line 12
[16-Jan-2024 04:42:44 UTC] PHP Warning:  Use of undefined constant name - assumed 'name' (this will throw an Error in a future version of PHP) in C:\Apache\htdocs\CustomMVC\src\Framework\WARDTemplateViewer.php(10) : eval()'d code on line 11
[16-Jan-2024 04:42:44 UTC] PHP Warning:  Use of undefined constant id - assumed 'id' (this will throw an Error in a future version of PHP) in C:\Apache\htdocs\CustomMVC\src\Framework\WARDTemplateViewer.php(10) : eval()'d code on line 12
[16-Jan-2024 04:42:44 UTC] PHP Warning:  Use of undefined constant name - assumed 'name' (this will throw an Error in a future version of PHP) in C:\Apache\htdocs\CustomMVC\src\Framework\WARDTemplateViewer.php(10) : eval()'d code on line 11
[16-Jan-2024 04:42:44 UTC] PHP Warning:  Use of undefined constant id - assumed 'id' (this will throw an Error in a future version of PHP) in C:\Apache\htdocs\CustomMVC\src\Framework\WARDTemplateViewer.php(10) : eval()'d code on line 12
[16-Jan-2024 04:42:44 UTC] PHP Warning:  Use of undefined constant name - assumed 'name' (this will throw an Error in a future version of PHP) in C:\Apache\htdocs\CustomMVC\src\Framework\WARDTemplateViewer.php(10) : eval()'d code on line 11
[16-Jan-2024 04:42:44 UTC] PHP Warning:  Use of undefined constant id - assumed 'id' (this will throw an Error in a future version of PHP) in C:\Apache\htdocs\CustomMVC\src\Framework\WARDTemplateViewer.php(10) : eval()'d code on line 12
[16-Jan-2024 04:45:50 UTC] PHP Deprecated:  Function ReflectionType::__toString() is deprecated in C:\Apache\htdocs\CustomMVC\src\Framework\Container.php on line 30
[16-Jan-2024 04:45:50 UTC] PHP Deprecated:  Function ReflectionType::__toString() is deprecated in C:\Apache\htdocs\CustomMVC\src\Framework\Container.php on line 30
[16-Jan-2024 04:45:50 UTC] PHP Warning:  Use of undefined constant name - assumed 'name' (this will throw an Error in a future version of PHP) in C:\Apache\htdocs\CustomMVC\src\Framework\WARDTemplateViewer.php(10) : eval()'d code on line 11
[16-Jan-2024 04:45:50 UTC] PHP Warning:  Use of undefined constant id - assumed 'id' (this will throw an Error in a future version of PHP) in C:\Apache\htdocs\CustomMVC\src\Framework\WARDTemplateViewer.php(10) : eval()'d code on line 12
[16-Jan-2024 04:45:50 UTC] PHP Warning:  Use of undefined constant name - assumed 'name' (this will throw an Error in a future version of PHP) in C:\Apache\htdocs\CustomMVC\src\Framework\WARDTemplateViewer.php(10) : eval()'d code on line 11
[16-Jan-2024 04:45:50 UTC] PHP Warning:  Use of undefined constant id - assumed 'id' (this will throw an Error in a future version of PHP) in C:\Apache\htdocs\CustomMVC\src\Framework\WARDTemplateViewer.php(10) : eval()'d code on line 12
[16-Jan-2024 04:45:50 UTC] PHP Warning:  Use of undefined constant name - assumed 'name' (this will throw an Error in a future version of PHP) in C:\Apache\htdocs\CustomMVC\src\Framework\WARDTemplateViewer.php(10) : eval()'d code on line 11
[16-Jan-2024 04:45:50 UTC] PHP Warning:  Use of undefined constant id - assumed 'id' (this will throw an Error in a future version of PHP) in C:\Apache\htdocs\CustomMVC\src\Framework\WARDTemplateViewer.php(10) : eval()'d code on line 12
[16-Jan-2024 04:45:50 UTC] PHP Warning:  Use of undefined constant name - assumed 'name' (this will throw an Error in a future version of PHP) in C:\Apache\htdocs\CustomMVC\src\Framework\WARDTemplateViewer.php(10) : eval()'d code on line 11
[16-Jan-2024 04:45:50 UTC] PHP Warning:  Use of undefined constant id - assumed 'id' (this will throw an Error in a future version of PHP) in C:\Apache\htdocs\CustomMVC\src\Framework\WARDTemplateViewer.php(10) : eval()'d code on line 12
[16-Jan-2024 04:45:50 UTC] PHP Warning:  Use of undefined constant name - assumed 'name' (this will throw an Error in a future version of PHP) in C:\Apache\htdocs\CustomMVC\src\Framework\WARDTemplateViewer.php(10) : eval()'d code on line 11
[16-Jan-2024 04:45:50 UTC] PHP Warning:  Use of undefined constant id - assumed 'id' (this will throw an Error in a future version of PHP) in C:\Apache\htdocs\CustomMVC\src\Framework\WARDTemplateViewer.php(10) : eval()'d code on line 12
[16-Jan-2024 04:45:50 UTC] PHP Warning:  Use of undefined constant name - assumed 'name' (this will throw an Error in a future version of PHP) in C:\Apache\htdocs\CustomMVC\src\Framework\WARDTemplateViewer.php(10) : eval()'d code on line 11
[16-Jan-2024 04:45:50 UTC] PHP Warning:  Use of undefined constant id - assumed 'id' (this will throw an Error in a future version of PHP) in C:\Apache\htdocs\CustomMVC\src\Framework\WARDTemplateViewer.php(10) : eval()'d code on line 12
[17-Jan-2024 04:48:03 UTC] PHP Deprecated:  Function ReflectionType::__toString() is deprecated in C:\Apache\htdocs\CustomMVC\src\Framework\Container.php on line 30
[17-Jan-2024 04:48:03 UTC] PHP Deprecated:  Function ReflectionType::__toString() is deprecated in C:\Apache\htdocs\CustomMVC\src\Framework\Container.php on line 30
[17-Jan-2024 04:48:03 UTC] PHP Warning:  Use of undefined constant name - assumed 'name' (this will throw an Error in a future version of PHP) in C:\Apache\htdocs\CustomMVC\src\Framework\WARDTemplateViewer.php(10) : eval()'d code on line 11
[17-Jan-2024 04:48:03 UTC] PHP Warning:  Use of undefined constant id - assumed 'id' (this will throw an Error in a future version of PHP) in C:\Apache\htdocs\CustomMVC\src\Framework\WARDTemplateViewer.php(10) : eval()'d code on line 12
[17-Jan-2024 04:48:03 UTC] PHP Warning:  Use of undefined constant name - assumed 'name' (this will throw an Error in a future version of PHP) in C:\Apache\htdocs\CustomMVC\src\Framework\WARDTemplateViewer.php(10) : eval()'d code on line 11
[17-Jan-2024 04:48:03 UTC] PHP Warning:  Use of undefined constant id - assumed 'id' (this will throw an Error in a future version of PHP) in C:\Apache\htdocs\CustomMVC\src\Framework\WARDTemplateViewer.php(10) : eval()'d code on line 12
[17-Jan-2024 04:48:03 UTC] PHP Warning:  Use of undefined constant name - assumed 'name' (this will throw an Error in a future version of PHP) in C:\Apache\htdocs\CustomMVC\src\Framework\WARDTemplateViewer.php(10) : eval()'d code on line 11
[17-Jan-2024 04:48:03 UTC] PHP Warning:  Use of undefined constant id - assumed 'id' (this will throw an Error in a future version of PHP) in C:\Apache\htdocs\CustomMVC\src\Framework\WARDTemplateViewer.php(10) : eval()'d code on line 12
[17-Jan-2024 04:48:03 UTC] PHP Warning:  Use of undefined constant name - assumed 'name' (this will throw an Error in a future version of PHP) in C:\Apache\htdocs\CustomMVC\src\Framework\WARDTemplateViewer.php(10) : eval()'d code on line 11
[17-Jan-2024 04:48:03 UTC] PHP Warning:  Use of undefined constant id - assumed 'id' (this will throw an Error in a future version of PHP) in C:\Apache\htdocs\CustomMVC\src\Framework\WARDTemplateViewer.php(10) : eval()'d code on line 12
[17-Jan-2024 04:48:03 UTC] PHP Warning:  Use of undefined constant name - assumed 'name' (this will throw an Error in a future version of PHP) in C:\Apache\htdocs\CustomMVC\src\Framework\WARDTemplateViewer.php(10) : eval()'d code on line 11
[17-Jan-2024 04:48:03 UTC] PHP Warning:  Use of undefined constant id - assumed 'id' (this will throw an Error in a future version of PHP) in C:\Apache\htdocs\CustomMVC\src\Framework\WARDTemplateViewer.php(10) : eval()'d code on line 12
[17-Jan-2024 04:48:03 UTC] PHP Warning:  Use of undefined constant name - assumed 'name' (this will throw an Error in a future version of PHP) in C:\Apache\htdocs\CustomMVC\src\Framework\WARDTemplateViewer.php(10) : eval()'d code on line 11
[17-Jan-2024 04:48:03 UTC] PHP Warning:  Use of undefined constant id - assumed 'id' (this will throw an Error in a future version of PHP) in C:\Apache\htdocs\CustomMVC\src\Framework\WARDTemplateViewer.php(10) : eval()'d code on line 12
[17-Jan-2024 04:48:05 UTC] PHP Deprecated:  Function ReflectionType::__toString() is deprecated in C:\Apache\htdocs\CustomMVC\src\Framework\Container.php on line 30
[17-Jan-2024 04:48:05 UTC] PHP Deprecated:  Function ReflectionType::__toString() is deprecated in C:\Apache\htdocs\CustomMVC\src\Framework\Container.php on line 30
[17-Jan-2024 04:48:05 UTC] PHP Warning:  Use of undefined constant name - assumed 'name' (this will throw an Error in a future version of PHP) in C:\Apache\htdocs\CustomMVC\src\Framework\WARDTemplateViewer.php(10) : eval()'d code on line 11
[17-Jan-2024 04:48:05 UTC] PHP Warning:  Use of undefined constant id - assumed 'id' (this will throw an Error in a future version of PHP) in C:\Apache\htdocs\CustomMVC\src\Framework\WARDTemplateViewer.php(10) : eval()'d code on line 12
[17-Jan-2024 04:48:05 UTC] PHP Warning:  Use of undefined constant name - assumed 'name' (this will throw an Error in a future version of PHP) in C:\Apache\htdocs\CustomMVC\src\Framework\WARDTemplateViewer.php(10) : eval()'d code on line 11
[17-Jan-2024 04:48:05 UTC] PHP Warning:  Use of undefined constant id - assumed 'id' (this will throw an Error in a future version of PHP) in C:\Apache\htdocs\CustomMVC\src\Framework\WARDTemplateViewer.php(10) : eval()'d code on line 12
[17-Jan-2024 04:48:05 UTC] PHP Warning:  Use of undefined constant name - assumed 'name' (this will throw an Error in a future version of PHP) in C:\Apache\htdocs\CustomMVC\src\Framework\WARDTemplateViewer.php(10) : eval()'d code on line 11
[17-Jan-2024 04:48:05 UTC] PHP Warning:  Use of undefined constant id - assumed 'id' (this will throw an Error in a future version of PHP) in C:\Apache\htdocs\CustomMVC\src\Framework\WARDTemplateViewer.php(10) : eval()'d code on line 12
[17-Jan-2024 04:48:05 UTC] PHP Warning:  Use of undefined constant name - assumed 'name' (this will throw an Error in a future version of PHP) in C:\Apache\htdocs\CustomMVC\src\Framework\WARDTemplateViewer.php(10) : eval()'d code on line 11
[17-Jan-2024 04:48:05 UTC] PHP Warning:  Use of undefined constant id - assumed 'id' (this will throw an Error in a future version of PHP) in C:\Apache\htdocs\CustomMVC\src\Framework\WARDTemplateViewer.php(10) : eval()'d code on line 12
[17-Jan-2024 04:48:05 UTC] PHP Warning:  Use of undefined constant name - assumed 'name' (this will throw an Error in a future version of PHP) in C:\Apache\htdocs\CustomMVC\src\Framework\WARDTemplateViewer.php(10) : eval()'d code on line 11
[17-Jan-2024 04:48:05 UTC] PHP Warning:  Use of undefined constant id - assumed 'id' (this will throw an Error in a future version of PHP) in C:\Apache\htdocs\CustomMVC\src\Framework\WARDTemplateViewer.php(10) : eval()'d code on line 12
[17-Jan-2024 04:48:05 UTC] PHP Warning:  Use of undefined constant name - assumed 'name' (this will throw an Error in a future version of PHP) in C:\Apache\htdocs\CustomMVC\src\Framework\WARDTemplateViewer.php(10) : eval()'d code on line 11
[17-Jan-2024 04:48:05 UTC] PHP Warning:  Use of undefined constant id - assumed 'id' (this will throw an Error in a future version of PHP) in C:\Apache\htdocs\CustomMVC\src\Framework\WARDTemplateViewer.php(10) : eval()'d code on line 12
[17-Jan-2024 04:48:12 UTC] PHP Deprecated:  Function ReflectionType::__toString() is deprecated in C:\Apache\htdocs\CustomMVC\src\Framework\Container.php on line 30
[17-Jan-2024 04:48:12 UTC] PHP Deprecated:  Function ReflectionType::__toString() is deprecated in C:\Apache\htdocs\CustomMVC\src\Framework\Container.php on line 30
[17-Jan-2024 04:48:12 UTC] PHP Fatal error:  Uncaught Error: Call to a member function send() on null in C:\Apache\htdocs\CustomMVC\public\index.php:34
Stack trace:
#0 {main}
  thrown in C:\Apache\htdocs\CustomMVC\public\index.php on line 34
[17-Jan-2024 04:50:07 UTC] PHP Deprecated:  Function ReflectionType::__toString() is deprecated in C:\Apache\htdocs\CustomMVC\src\Framework\Container.php on line 30
[17-Jan-2024 04:50:07 UTC] PHP Deprecated:  Function ReflectionType::__toString() is deprecated in C:\Apache\htdocs\CustomMVC\src\Framework\Container.php on line 30
[17-Jan-2024 04:54:38 UTC] PHP Deprecated:  Function ReflectionType::__toString() is deprecated in C:\Apache\htdocs\CustomMVC\src\Framework\Container.php on line 30
[17-Jan-2024 04:54:38 UTC] PHP Deprecated:  Function ReflectionType::__toString() is deprecated in C:\Apache\htdocs\CustomMVC\src\Framework\Container.php on line 30
[17-Jan-2024 04:54:38 UTC] PHP Warning:  Use of undefined constant name - assumed 'name' (this will throw an Error in a future version of PHP) in C:\Apache\htdocs\CustomMVC\src\Framework\WARDTemplateViewer.php(10) : eval()'d code on line 11
[17-Jan-2024 04:54:38 UTC] PHP Warning:  Use of undefined constant id - assumed 'id' (this will throw an Error in a future version of PHP) in C:\Apache\htdocs\CustomMVC\src\Framework\WARDTemplateViewer.php(10) : eval()'d code on line 12
[17-Jan-2024 04:54:38 UTC] PHP Warning:  Use of undefined constant name - assumed 'name' (this will throw an Error in a future version of PHP) in C:\Apache\htdocs\CustomMVC\src\Framework\WARDTemplateViewer.php(10) : eval()'d code on line 11
[17-Jan-2024 04:54:38 UTC] PHP Warning:  Use of undefined constant id - assumed 'id' (this will throw an Error in a future version of PHP) in C:\Apache\htdocs\CustomMVC\src\Framework\WARDTemplateViewer.php(10) : eval()'d code on line 12
[17-Jan-2024 04:54:38 UTC] PHP Warning:  Use of undefined constant name - assumed 'name' (this will throw an Error in a future version of PHP) in C:\Apache\htdocs\CustomMVC\src\Framework\WARDTemplateViewer.php(10) : eval()'d code on line 11
[17-Jan-2024 04:54:38 UTC] PHP Warning:  Use of undefined constant id - assumed 'id' (this will throw an Error in a future version of PHP) in C:\Apache\htdocs\CustomMVC\src\Framework\WARDTemplateViewer.php(10) : eval()'d code on line 12
[17-Jan-2024 04:54:38 UTC] PHP Warning:  Use of undefined constant name - assumed 'name' (this will throw an Error in a future version of PHP) in C:\Apache\htdocs\CustomMVC\src\Framework\WARDTemplateViewer.php(10) : eval()'d code on line 11
[17-Jan-2024 04:54:38 UTC] PHP Warning:  Use of undefined constant id - assumed 'id' (this will throw an Error in a future version of PHP) in C:\Apache\htdocs\CustomMVC\src\Framework\WARDTemplateViewer.php(10) : eval()'d code on line 12
[17-Jan-2024 04:54:38 UTC] PHP Warning:  Use of undefined constant name - assumed 'name' (this will throw an Error in a future version of PHP) in C:\Apache\htdocs\CustomMVC\src\Framework\WARDTemplateViewer.php(10) : eval()'d code on line 11
[17-Jan-2024 04:54:38 UTC] PHP Warning:  Use of undefined constant id - assumed 'id' (this will throw an Error in a future version of PHP) in C:\Apache\htdocs\CustomMVC\src\Framework\WARDTemplateViewer.php(10) : eval()'d code on line 12
[17-Jan-2024 04:54:38 UTC] PHP Warning:  Use of undefined constant name - assumed 'name' (this will throw an Error in a future version of PHP) in C:\Apache\htdocs\CustomMVC\src\Framework\WARDTemplateViewer.php(10) : eval()'d code on line 11
[17-Jan-2024 04:54:38 UTC] PHP Warning:  Use of undefined constant id - assumed 'id' (this will throw an Error in a future version of PHP) in C:\Apache\htdocs\CustomMVC\src\Framework\WARDTemplateViewer.php(10) : eval()'d code on line 12
[17-Jan-2024 04:54:39 UTC] PHP Deprecated:  Function ReflectionType::__toString() is deprecated in C:\Apache\htdocs\CustomMVC\src\Framework\Container.php on line 30
[17-Jan-2024 04:54:39 UTC] PHP Deprecated:  Function ReflectionType::__toString() is deprecated in C:\Apache\htdocs\CustomMVC\src\Framework\Container.php on line 30
[17-Jan-2024 04:54:39 UTC] PHP Warning:  Use of undefined constant name - assumed 'name' (this will throw an Error in a future version of PHP) in C:\Apache\htdocs\CustomMVC\src\Framework\WARDTemplateViewer.php(10) : eval()'d code on line 11
[17-Jan-2024 04:54:39 UTC] PHP Warning:  Use of undefined constant id - assumed 'id' (this will throw an Error in a future version of PHP) in C:\Apache\htdocs\CustomMVC\src\Framework\WARDTemplateViewer.php(10) : eval()'d code on line 12
[17-Jan-2024 04:54:39 UTC] PHP Warning:  Use of undefined constant name - assumed 'name' (this will throw an Error in a future version of PHP) in C:\Apache\htdocs\CustomMVC\src\Framework\WARDTemplateViewer.php(10) : eval()'d code on line 11
[17-Jan-2024 04:54:39 UTC] PHP Warning:  Use of undefined constant id - assumed 'id' (this will throw an Error in a future version of PHP) in C:\Apache\htdocs\CustomMVC\src\Framework\WARDTemplateViewer.php(10) : eval()'d code on line 12
[17-Jan-2024 04:54:39 UTC] PHP Warning:  Use of undefined constant name - assumed 'name' (this will throw an Error in a future version of PHP) in C:\Apache\htdocs\CustomMVC\src\Framework\WARDTemplateViewer.php(10) : eval()'d code on line 11
[17-Jan-2024 04:54:39 UTC] PHP Warning:  Use of undefined constant id - assumed 'id' (this will throw an Error in a future version of PHP) in C:\Apache\htdocs\CustomMVC\src\Framework\WARDTemplateViewer.php(10) : eval()'d code on line 12
[17-Jan-2024 04:54:39 UTC] PHP Warning:  Use of undefined constant name - assumed 'name' (this will throw an Error in a future version of PHP) in C:\Apache\htdocs\CustomMVC\src\Framework\WARDTemplateViewer.php(10) : eval()'d code on line 11
[17-Jan-2024 04:54:39 UTC] PHP Warning:  Use of undefined constant id - assumed 'id' (this will throw an Error in a future version of PHP) in C:\Apache\htdocs\CustomMVC\src\Framework\WARDTemplateViewer.php(10) : eval()'d code on line 12
[17-Jan-2024 04:54:39 UTC] PHP Warning:  Use of undefined constant name - assumed 'name' (this will throw an Error in a future version of PHP) in C:\Apache\htdocs\CustomMVC\src\Framework\WARDTemplateViewer.php(10) : eval()'d code on line 11
[17-Jan-2024 04:54:39 UTC] PHP Warning:  Use of undefined constant id - assumed 'id' (this will throw an Error in a future version of PHP) in C:\Apache\htdocs\CustomMVC\src\Framework\WARDTemplateViewer.php(10) : eval()'d code on line 12
[17-Jan-2024 04:54:39 UTC] PHP Warning:  Use of undefined constant name - assumed 'name' (this will throw an Error in a future version of PHP) in C:\Apache\htdocs\CustomMVC\src\Framework\WARDTemplateViewer.php(10) : eval()'d code on line 11
[17-Jan-2024 04:54:39 UTC] PHP Warning:  Use of undefined constant id - assumed 'id' (this will throw an Error in a future version of PHP) in C:\Apache\htdocs\CustomMVC\src\Framework\WARDTemplateViewer.php(10) : eval()'d code on line 12
[17-Jan-2024 04:58:13 UTC] PHP Deprecated:  Function ReflectionType::__toString() is deprecated in C:\Apache\htdocs\CustomMVC\src\Framework\Container.php on line 30
[17-Jan-2024 04:58:13 UTC] PHP Deprecated:  Function ReflectionType::__toString() is deprecated in C:\Apache\htdocs\CustomMVC\src\Framework\Container.php on line 30
[17-Jan-2024 04:58:17 UTC] PHP Fatal error:  Uncaught Framework\Exceptions\PageNotFoundException: /prodacts/create is not a valid in C:\Apache\htdocs\CustomMVC\src\Framework\Dispatcher.php:24
Stack trace:
#0 C:\Apache\htdocs\CustomMVC\public\index.php(33): Framework\Dispatcher->handle(Object(Framework\Request))
#1 {main}
  thrown in C:\Apache\htdocs\CustomMVC\src\Framework\Dispatcher.php on line 24
[17-Jan-2024 04:58:30 UTC] PHP Fatal error:  Uncaught Framework\Exceptions\PageNotFoundException: /prodacts/create is not a valid in C:\Apache\htdocs\CustomMVC\src\Framework\Dispatcher.php:24
Stack trace:
#0 C:\Apache\htdocs\CustomMVC\public\index.php(33): Framework\Dispatcher->handle(Object(Framework\Request))
#1 {main}
  thrown in C:\Apache\htdocs\CustomMVC\src\Framework\Dispatcher.php on line 24
[17-Jan-2024 04:58:38 UTC] PHP Deprecated:  Function ReflectionType::__toString() is deprecated in C:\Apache\htdocs\CustomMVC\src\Framework\Container.php on line 30
[17-Jan-2024 04:58:38 UTC] PHP Deprecated:  Function ReflectionType::__toString() is deprecated in C:\Apache\htdocs\CustomMVC\src\Framework\Container.php on line 30
[17-Jan-2024 04:58:38 UTC] PHP Warning:  Use of undefined constant name - assumed 'name' (this will throw an Error in a future version of PHP) in C:\Apache\htdocs\CustomMVC\src\Framework\WARDTemplateViewer.php(10) : eval()'d code on line 11
[17-Jan-2024 04:58:38 UTC] PHP Warning:  Use of undefined constant id - assumed 'id' (this will throw an Error in a future version of PHP) in C:\Apache\htdocs\CustomMVC\src\Framework\WARDTemplateViewer.php(10) : eval()'d code on line 12
[17-Jan-2024 04:58:38 UTC] PHP Warning:  Use of undefined constant name - assumed 'name' (this will throw an Error in a future version of PHP) in C:\Apache\htdocs\CustomMVC\src\Framework\WARDTemplateViewer.php(10) : eval()'d code on line 11
[17-Jan-2024 04:58:38 UTC] PHP Warning:  Use of undefined constant id - assumed 'id' (this will throw an Error in a future version of PHP) in C:\Apache\htdocs\CustomMVC\src\Framework\WARDTemplateViewer.php(10) : eval()'d code on line 12
[17-Jan-2024 04:58:38 UTC] PHP Warning:  Use of undefined constant name - assumed 'name' (this will throw an Error in a future version of PHP) in C:\Apache\htdocs\CustomMVC\src\Framework\WARDTemplateViewer.php(10) : eval()'d code on line 11
[17-Jan-2024 04:58:38 UTC] PHP Warning:  Use of undefined constant id - assumed 'id' (this will throw an Error in a future version of PHP) in C:\Apache\htdocs\CustomMVC\src\Framework\WARDTemplateViewer.php(10) : eval()'d code on line 12
[17-Jan-2024 04:58:38 UTC] PHP Warning:  Use of undefined constant name - assumed 'name' (this will throw an Error in a future version of PHP) in C:\Apache\htdocs\CustomMVC\src\Framework\WARDTemplateViewer.php(10) : eval()'d code on line 11
[17-Jan-2024 04:58:38 UTC] PHP Warning:  Use of undefined constant id - assumed 'id' (this will throw an Error in a future version of PHP) in C:\Apache\htdocs\CustomMVC\src\Framework\WARDTemplateViewer.php(10) : eval()'d code on line 12
[17-Jan-2024 04:58:38 UTC] PHP Warning:  Use of undefined constant name - assumed 'name' (this will throw an Error in a future version of PHP) in C:\Apache\htdocs\CustomMVC\src\Framework\WARDTemplateViewer.php(10) : eval()'d code on line 11
[17-Jan-2024 04:58:38 UTC] PHP Warning:  Use of undefined constant id - assumed 'id' (this will throw an Error in a future version of PHP) in C:\Apache\htdocs\CustomMVC\src\Framework\WARDTemplateViewer.php(10) : eval()'d code on line 12
[17-Jan-2024 04:58:38 UTC] PHP Warning:  Use of undefined constant name - assumed 'name' (this will throw an Error in a future version of PHP) in C:\Apache\htdocs\CustomMVC\src\Framework\WARDTemplateViewer.php(10) : eval()'d code on line 11
[17-Jan-2024 04:58:38 UTC] PHP Warning:  Use of undefined constant id - assumed 'id' (this will throw an Error in a future version of PHP) in C:\Apache\htdocs\CustomMVC\src\Framework\WARDTemplateViewer.php(10) : eval()'d code on line 12
[17-Jan-2024 04:58:39 UTC] PHP Deprecated:  Function ReflectionType::__toString() is deprecated in C:\Apache\htdocs\CustomMVC\src\Framework\Container.php on line 30
[17-Jan-2024 04:58:39 UTC] PHP Deprecated:  Function ReflectionType::__toString() is deprecated in C:\Apache\htdocs\CustomMVC\src\Framework\Container.php on line 30
[17-Jan-2024 04:58:39 UTC] PHP Warning:  Use of undefined constant name - assumed 'name' (this will throw an Error in a future version of PHP) in C:\Apache\htdocs\CustomMVC\src\Framework\WARDTemplateViewer.php(10) : eval()'d code on line 11
[17-Jan-2024 04:58:39 UTC] PHP Warning:  Use of undefined constant id - assumed 'id' (this will throw an Error in a future version of PHP) in C:\Apache\htdocs\CustomMVC\src\Framework\WARDTemplateViewer.php(10) : eval()'d code on line 12
[17-Jan-2024 04:58:39 UTC] PHP Warning:  Use of undefined constant name - assumed 'name' (this will throw an Error in a future version of PHP) in C:\Apache\htdocs\CustomMVC\src\Framework\WARDTemplateViewer.php(10) : eval()'d code on line 11
[17-Jan-2024 04:58:39 UTC] PHP Warning:  Use of undefined constant id - assumed 'id' (this will throw an Error in a future version of PHP) in C:\Apache\htdocs\CustomMVC\src\Framework\WARDTemplateViewer.php(10) : eval()'d code on line 12
[17-Jan-2024 04:58:39 UTC] PHP Warning:  Use of undefined constant name - assumed 'name' (this will throw an Error in a future version of PHP) in C:\Apache\htdocs\CustomMVC\src\Framework\WARDTemplateViewer.php(10) : eval()'d code on line 11
[17-Jan-2024 04:58:39 UTC] PHP Warning:  Use of undefined constant id - assumed 'id' (this will throw an Error in a future version of PHP) in C:\Apache\htdocs\CustomMVC\src\Framework\WARDTemplateViewer.php(10) : eval()'d code on line 12
[17-Jan-2024 04:58:39 UTC] PHP Warning:  Use of undefined constant name - assumed 'name' (this will throw an Error in a future version of PHP) in C:\Apache\htdocs\CustomMVC\src\Framework\WARDTemplateViewer.php(10) : eval()'d code on line 11
[17-Jan-2024 04:58:39 UTC] PHP Warning:  Use of undefined constant id - assumed 'id' (this will throw an Error in a future version of PHP) in C:\Apache\htdocs\CustomMVC\src\Framework\WARDTemplateViewer.php(10) : eval()'d code on line 12
[17-Jan-2024 04:58:39 UTC] PHP Warning:  Use of undefined constant name - assumed 'name' (this will throw an Error in a future version of PHP) in C:\Apache\htdocs\CustomMVC\src\Framework\WARDTemplateViewer.php(10) : eval()'d code on line 11
[17-Jan-2024 04:58:39 UTC] PHP Warning:  Use of undefined constant id - assumed 'id' (this will throw an Error in a future version of PHP) in C:\Apache\htdocs\CustomMVC\src\Framework\WARDTemplateViewer.php(10) : eval()'d code on line 12
[17-Jan-2024 04:58:39 UTC] PHP Warning:  Use of undefined constant name - assumed 'name' (this will throw an Error in a future version of PHP) in C:\Apache\htdocs\CustomMVC\src\Framework\WARDTemplateViewer.php(10) : eval()'d code on line 11
[17-Jan-2024 04:58:39 UTC] PHP Warning:  Use of undefined constant id - assumed 'id' (this will throw an Error in a future version of PHP) in C:\Apache\htdocs\CustomMVC\src\Framework\WARDTemplateViewer.php(10) : eval()'d code on line 12
[17-Jan-2024 04:58:43 UTC] PHP Deprecated:  Function ReflectionType::__toString() is deprecated in C:\Apache\htdocs\CustomMVC\src\Framework\Container.php on line 30
[17-Jan-2024 04:58:43 UTC] PHP Deprecated:  Function ReflectionType::__toString() is deprecated in C:\Apache\htdocs\CustomMVC\src\Framework\Container.php on line 30
[17-Jan-2024 05:01:22 UTC] PHP Fatal error:  Uncaught Framework\Exceptions\PageNotFoundException: /prodacts/create is not a valid in C:\Apache\htdocs\CustomMVC\src\Framework\Dispatcher.php:24
Stack trace:
#0 C:\Apache\htdocs\CustomMVC\public\index.php(33): Framework\Dispatcher->handle(Object(Framework\Request))
#1 {main}
  thrown in C:\Apache\htdocs\CustomMVC\src\Framework\Dispatcher.php on line 24
[17-Jan-2024 05:01:38 UTC] PHP Fatal error:  Uncaught Framework\Exceptions\PageNotFoundException: /prodacts/create is not a valid in C:\Apache\htdocs\CustomMVC\src\Framework\Dispatcher.php:24
Stack trace:
#0 C:\Apache\htdocs\CustomMVC\public\index.php(33): Framework\Dispatcher->handle(Object(Framework\Request))
#1 {main}
  thrown in C:\Apache\htdocs\CustomMVC\src\Framework\Dispatcher.php on line 24
[17-Jan-2024 05:02:50 UTC] PHP Deprecated:  Function ReflectionType::__toString() is deprecated in C:\Apache\htdocs\CustomMVC\src\Framework\Container.php on line 30
[17-Jan-2024 05:02:50 UTC] PHP Deprecated:  Function ReflectionType::__toString() is deprecated in C:\Apache\htdocs\CustomMVC\src\Framework\Container.php on line 30
[17-Jan-2024 05:02:50 UTC] PHP Deprecated:  Function ReflectionType::__toString() is deprecated in C:\Apache\htdocs\CustomMVC\src\Framework\Container.php on line 30
[17-Jan-2024 05:02:50 UTC] PHP Deprecated:  Function ReflectionType::__toString() is deprecated in C:\Apache\htdocs\CustomMVC\src\Framework\Container.php on line 30
[17-Jan-2024 05:02:55 UTC] PHP Deprecated:  Function ReflectionType::__toString() is deprecated in C:\Apache\htdocs\CustomMVC\src\Framework\Container.php on line 30
[17-Jan-2024 05:02:55 UTC] PHP Deprecated:  Function ReflectionType::__toString() is deprecated in C:\Apache\htdocs\CustomMVC\src\Framework\Container.php on line 30
[17-Jan-2024 05:02:55 UTC] PHP Fatal error:  Uncaught TypeError: Return value of Framework\Dispatcher::handle() must be an instance of Framework\Response, null returned in C:\Apache\htdocs\CustomMVC\src\Framework\Dispatcher.php:32
Stack trace:
#0 C:\Apache\htdocs\CustomMVC\public\index.php(33): Framework\Dispatcher->handle(Object(Framework\Request))
#1 {main}
  thrown in C:\Apache\htdocs\CustomMVC\src\Framework\Dispatcher.php on line 32
[17-Jan-2024 05:05:42 UTC] PHP Deprecated:  Function ReflectionType::__toString() is deprecated in C:\Apache\htdocs\CustomMVC\src\Framework\Container.php on line 30
[17-Jan-2024 05:05:42 UTC] PHP Deprecated:  Function ReflectionType::__toString() is deprecated in C:\Apache\htdocs\CustomMVC\src\Framework\Container.php on line 30
[17-Jan-2024 05:05:52 UTC] PHP Deprecated:  Function ReflectionType::__toString() is deprecated in C:\Apache\htdocs\CustomMVC\src\Framework\Container.php on line 30
[17-Jan-2024 05:05:52 UTC] PHP Deprecated:  Function ReflectionType::__toString() is deprecated in C:\Apache\htdocs\CustomMVC\src\Framework\Container.php on line 30
[17-Jan-2024 05:23:45 UTC] PHP Deprecated:  Function ReflectionType::__toString() is deprecated in C:\Apache\htdocs\CustomMVC\src\Framework\Container.php on line 30
[17-Jan-2024 05:23:45 UTC] PHP Deprecated:  Function ReflectionType::__toString() is deprecated in C:\Apache\htdocs\CustomMVC\src\Framework\Container.php on line 30
[17-Jan-2024 05:23:45 UTC] PHP Notice:  Undefined index: name in C:\Apache\htdocs\CustomMVC\src\App\Controllers\Prodacts.php on line 32
[17-Jan-2024 05:23:45 UTC] PHP Fatal error:  Uncaught Error: Typed property Framework\Response::$headers must not be accessed before initialization in C:\Apache\htdocs\CustomMVC\src\Framework\Response.php:24
Stack trace:
#0 C:\Apache\htdocs\CustomMVC\public\index.php(34): Framework\Response->send()
#1 {main}
  thrown in C:\Apache\htdocs\CustomMVC\src\Framework\Response.php on line 24
[17-Jan-2024 05:24:41 UTC] PHP Deprecated:  Function ReflectionType::__toString() is deprecated in C:\Apache\htdocs\CustomMVC\src\Framework\Container.php on line 30
[17-Jan-2024 05:24:41 UTC] PHP Deprecated:  Function ReflectionType::__toString() is deprecated in C:\Apache\htdocs\CustomMVC\src\Framework\Container.php on line 30
[17-Jan-2024 05:24:41 UTC] PHP Notice:  Undefined index: name in C:\Apache\htdocs\CustomMVC\src\App\Controllers\Prodacts.php on line 32
[17-Jan-2024 05:24:50 UTC] PHP Deprecated:  Function ReflectionType::__toString() is deprecated in C:\Apache\htdocs\CustomMVC\src\Framework\Container.php on line 30
[17-Jan-2024 05:24:50 UTC] PHP Deprecated:  Function ReflectionType::__toString() is deprecated in C:\Apache\htdocs\CustomMVC\src\Framework\Container.php on line 30
[17-Jan-2024 05:24:50 UTC] PHP Notice:  Undefined index: name in C:\Apache\htdocs\CustomMVC\src\App\Controllers\Prodacts.php on line 32
[17-Jan-2024 05:25:54 UTC] PHP Deprecated:  Function ReflectionType::__toString() is deprecated in C:\Apache\htdocs\CustomMVC\src\Framework\Container.php on line 30
[17-Jan-2024 05:25:54 UTC] PHP Deprecated:  Function ReflectionType::__toString() is deprecated in C:\Apache\htdocs\CustomMVC\src\Framework\Container.php on line 30
[19-Jan-2024 09:07:43 UTC] PHP Fatal error:  Uncaught ArgumentCountError: Too few arguments to function Framework\Dispatcher::__construct(), 2 passed in C:\Apache\htdocs\CustomMVC\public\index.php on line 29 and exactly 3 expected in C:\Apache\htdocs\CustomMVC\src\Framework\Dispatcher.php:12
Stack trace:
#0 C:\Apache\htdocs\CustomMVC\public\index.php(29): Framework\Dispatcher->__construct(Object(Framework\Router), Object(Framework\Container))
#1 {main}
  thrown in C:\Apache\htdocs\CustomMVC\src\Framework\Dispatcher.php on line 12
[19-Jan-2024 09:13:18 UTC] PHP Fatal error:  Uncaught ArgumentCountError: Too few arguments to function Framework\Dispatcher::__construct(), 2 passed in C:\Apache\htdocs\CustomMVC\public\index.php on line 29 and exactly 3 expected in C:\Apache\htdocs\CustomMVC\src\Framework\Dispatcher.php:12
Stack trace:
#0 C:\Apache\htdocs\CustomMVC\public\index.php(29): Framework\Dispatcher->__construct(Object(Framework\Router), Object(Framework\Container))
#1 {main}
  thrown in C:\Apache\htdocs\CustomMVC\src\Framework\Dispatcher.php on line 12
[19-Jan-2024 09:13:20 UTC] PHP Fatal error:  Uncaught ArgumentCountError: Too few arguments to function Framework\Dispatcher::__construct(), 2 passed in C:\Apache\htdocs\CustomMVC\public\index.php on line 29 and exactly 3 expected in C:\Apache\htdocs\CustomMVC\src\Framework\Dispatcher.php:12
Stack trace:
#0 C:\Apache\htdocs\CustomMVC\public\index.php(29): Framework\Dispatcher->__construct(Object(Framework\Router), Object(Framework\Container))
#1 {main}
  thrown in C:\Apache\htdocs\CustomMVC\src\Framework\Dispatcher.php on line 12
[19-Jan-2024 09:14:27 UTC] PHP Deprecated:  Function ReflectionType::__toString() is deprecated in C:\Apache\htdocs\CustomMVC\src\Framework\Container.php on line 30
[19-Jan-2024 09:14:27 UTC] PHP Deprecated:  Function ReflectionType::__toString() is deprecated in C:\Apache\htdocs\CustomMVC\src\Framework\Container.php on line 30
[19-Jan-2024 09:14:31 UTC] PHP Deprecated:  Function ReflectionType::__toString() is deprecated in C:\Apache\htdocs\CustomMVC\src\Framework\Container.php on line 30
[19-Jan-2024 09:14:31 UTC] PHP Deprecated:  Function ReflectionType::__toString() is deprecated in C:\Apache\htdocs\CustomMVC\src\Framework\Container.php on line 30
[19-Jan-2024 09:14:45 UTC] PHP Warning:  require(C:\Apache\htdocs\CustomMVC/src/App/Controllers/1.php): failed to open stream: No such file or directory in C:\Apache\htdocs\CustomMVC\public\index.php on line 11
[19-Jan-2024 09:14:45 UTC] PHP Fatal error:  require(): Failed opening required 'C:\Apache\htdocs\CustomMVC/src/App/Controllers/1.php' (include_path='.;C:\php74\includes') in C:\Apache\htdocs\CustomMVC\public\index.php on line 11
[19-Jan-2024 09:14:49 UTC] PHP Warning:  require(C:\Apache\htdocs\CustomMVC/src/App/Controllers/1.php): failed to open stream: No such file or directory in C:\Apache\htdocs\CustomMVC\public\index.php on line 11
[19-Jan-2024 09:14:49 UTC] PHP Fatal error:  require(): Failed opening required 'C:\Apache\htdocs\CustomMVC/src/App/Controllers/1.php' (include_path='.;C:\php74\includes') in C:\Apache\htdocs\CustomMVC\public\index.php on line 11
[19-Jan-2024 09:15:06 UTC] PHP Deprecated:  Function ReflectionType::__toString() is deprecated in C:\Apache\htdocs\CustomMVC\src\Framework\Container.php on line 30
[19-Jan-2024 09:15:06 UTC] PHP Deprecated:  Function ReflectionType::__toString() is deprecated in C:\Apache\htdocs\CustomMVC\src\Framework\Container.php on line 30
[19-Jan-2024 09:15:30 UTC] PHP Deprecated:  Function ReflectionType::__toString() is deprecated in C:\Apache\htdocs\CustomMVC\src\Framework\Container.php on line 30
[19-Jan-2024 09:15:30 UTC] PHP Deprecated:  Function ReflectionType::__toString() is deprecated in C:\Apache\htdocs\CustomMVC\src\Framework\Container.php on line 30
[19-Jan-2024 09:16:01 UTC] PHP Deprecated:  Function ReflectionType::__toString() is deprecated in C:\Apache\htdocs\CustomMVC\src\Framework\Container.php on line 30
[19-Jan-2024 09:16:01 UTC] PHP Deprecated:  Function ReflectionType::__toString() is deprecated in C:\Apache\htdocs\CustomMVC\src\Framework\Container.php on line 30
[19-Jan-2024 09:27:09 UTC] PHP Deprecated:  Function ReflectionType::__toString() is deprecated in C:\Apache\htdocs\CustomMVC\src\Framework\Container.php on line 30
[19-Jan-2024 09:27:09 UTC] PHP Deprecated:  Function ReflectionType::__toString() is deprecated in C:\Apache\htdocs\CustomMVC\src\Framework\Container.php on line 30
[19-Jan-2024 09:27:09 UTC] PHP Notice:  Only variables should be passed by reference in C:\Apache\htdocs\CustomMVC\src\Framework\Dispatcher.php on line 57
[19-Jan-2024 09:27:09 UTC] PHP Fatal error:  Uncaught TypeError: Return value of Framework\Dispatcher::getMiddleWare() must be of the type array, bool returned in C:\Apache\htdocs\CustomMVC\src\Framework\Dispatcher.php:57
Stack trace:
#0 C:\Apache\htdocs\CustomMVC\src\Framework\Dispatcher.php(34): Framework\Dispatcher->getMiddleWare(Array)
#1 C:\Apache\htdocs\CustomMVC\public\index.php(37): Framework\Dispatcher->handle(Object(Framework\Request))
#2 {main}
  thrown in C:\Apache\htdocs\CustomMVC\src\Framework\Dispatcher.php on line 57
[19-Jan-2024 09:29:46 UTC] PHP Deprecated:  Function ReflectionType::__toString() is deprecated in C:\Apache\htdocs\CustomMVC\src\Framework\Container.php on line 30
[19-Jan-2024 09:29:46 UTC] PHP Deprecated:  Function ReflectionType::__toString() is deprecated in C:\Apache\htdocs\CustomMVC\src\Framework\Container.php on line 30
[19-Jan-2024 09:29:46 UTC] PHP Fatal error:  Uncaught Error: Object of class Framework\ControllerRequestHandler could not be converted to string in C:\Apache\htdocs\CustomMVC\src\Framework\ControllerRequestHandler.php:16
Stack trace:
#0 C:\Apache\htdocs\CustomMVC\src\Framework\Dispatcher.php(36): Framework\ControllerRequestHandler->handle(Object(Framework\Request))
#1 C:\Apache\htdocs\CustomMVC\public\index.php(37): Framework\Dispatcher->handle(Object(Framework\Request))
#2 {main}
  thrown in C:\Apache\htdocs\CustomMVC\src\Framework\ControllerRequestHandler.php on line 16
[19-Jan-2024 09:35:43 UTC] PHP Deprecated:  Function ReflectionType::__toString() is deprecated in C:\Apache\htdocs\CustomMVC\src\Framework\Container.php on line 30
[19-Jan-2024 09:35:43 UTC] PHP Deprecated:  Function ReflectionType::__toString() is deprecated in C:\Apache\htdocs\CustomMVC\src\Framework\Container.php on line 30
[19-Jan-2024 09:38:04 UTC] PHP Deprecated:  Function ReflectionType::__toString() is deprecated in C:\Apache\htdocs\CustomMVC\src\Framework\Container.php on line 30
[19-Jan-2024 09:38:04 UTC] PHP Deprecated:  Function ReflectionType::__toString() is deprecated in C:\Apache\htdocs\CustomMVC\src\Framework\Container.php on line 30
[19-Jan-2024 09:38:04 UTC] PHP Fatal error:  Uncaught Error: Object of class Framework\ControllerRequestHandler could not be converted to string in C:\Apache\htdocs\CustomMVC\src\Framework\ControllerRequestHandler.php:16
Stack trace:
#0 C:\Apache\htdocs\CustomMVC\src\Framework\Dispatcher.php(36): Framework\ControllerRequestHandler->handle(Object(Framework\Request))
#1 C:\Apache\htdocs\CustomMVC\public\index.php(37): Framework\Dispatcher->handle(Object(Framework\Request))
#2 {main}
  thrown in C:\Apache\htdocs\CustomMVC\src\Framework\ControllerRequestHandler.php on line 16
[19-Jan-2024 09:39:11 UTC] PHP Deprecated:  Function ReflectionType::__toString() is deprecated in C:\Apache\htdocs\CustomMVC\src\Framework\Container.php on line 30
[19-Jan-2024 09:39:11 UTC] PHP Deprecated:  Function ReflectionType::__toString() is deprecated in C:\Apache\htdocs\CustomMVC\src\Framework\Container.php on line 30
[19-Jan-2024 09:39:11 UTC] PHP Notice:  Array to string conversion in C:\Apache\htdocs\CustomMVC\src\Framework\ControllerRequestHandler.php on line 15
[19-Jan-2024 09:39:28 UTC] PHP Deprecated:  Function ReflectionType::__toString() is deprecated in C:\Apache\htdocs\CustomMVC\src\Framework\Container.php on line 30
[19-Jan-2024 09:39:28 UTC] PHP Deprecated:  Function ReflectionType::__toString() is deprecated in C:\Apache\htdocs\CustomMVC\src\Framework\Container.php on line 30
[19-Jan-2024 09:41:09 UTC] PHP Deprecated:  Function ReflectionType::__toString() is deprecated in C:\Apache\htdocs\CustomMVC\src\Framework\Container.php on line 30
[19-Jan-2024 09:41:09 UTC] PHP Deprecated:  Function ReflectionType::__toString() is deprecated in C:\Apache\htdocs\CustomMVC\src\Framework\Container.php on line 30
[19-Jan-2024 09:41:09 UTC] PHP Fatal error:  Uncaught Error: Object of class Framework\ControllerRequestHandler could not be converted to string in C:\Apache\htdocs\CustomMVC\src\Framework\ControllerRequestHandler.php:16
Stack trace:
#0 C:\Apache\htdocs\CustomMVC\src\Framework\Dispatcher.php(36): Framework\ControllerRequestHandler->handle(Object(Framework\Request))
#1 C:\Apache\htdocs\CustomMVC\public\index.php(37): Framework\Dispatcher->handle(Object(Framework\Request))
#2 {main}
  thrown in C:\Apache\htdocs\CustomMVC\src\Framework\ControllerRequestHandler.php on line 16
[19-Jan-2024 09:42:08 UTC] PHP Deprecated:  Function ReflectionType::__toString() is deprecated in C:\Apache\htdocs\CustomMVC\src\Framework\Container.php on line 30
[19-Jan-2024 09:42:08 UTC] PHP Deprecated:  Function ReflectionType::__toString() is deprecated in C:\Apache\htdocs\CustomMVC\src\Framework\Container.php on line 30
[19-Jan-2024 09:42:08 UTC] PHP Fatal error:  Uncaught Error: Object of class App\Controllers\Prodacts could not be converted to string in C:\Apache\htdocs\CustomMVC\src\Framework\ControllerRequestHandler.php:15
Stack trace:
#0 C:\Apache\htdocs\CustomMVC\src\Framework\Dispatcher.php(36): Framework\ControllerRequestHandler->handle(Object(Framework\Request))
#1 C:\Apache\htdocs\CustomMVC\public\index.php(37): Framework\Dispatcher->handle(Object(Framework\Request))
#2 {main}
  thrown in C:\Apache\htdocs\CustomMVC\src\Framework\ControllerRequestHandler.php on line 15
[19-Jan-2024 09:42:09 UTC] PHP Deprecated:  Function ReflectionType::__toString() is deprecated in C:\Apache\htdocs\CustomMVC\src\Framework\Container.php on line 30
[19-Jan-2024 09:42:09 UTC] PHP Deprecated:  Function ReflectionType::__toString() is deprecated in C:\Apache\htdocs\CustomMVC\src\Framework\Container.php on line 30
[19-Jan-2024 09:42:09 UTC] PHP Fatal error:  Uncaught Error: Object of class App\Controllers\Prodacts could not be converted to string in C:\Apache\htdocs\CustomMVC\src\Framework\ControllerRequestHandler.php:15
Stack trace:
#0 C:\Apache\htdocs\CustomMVC\src\Framework\Dispatcher.php(36): Framework\ControllerRequestHandler->handle(Object(Framework\Request))
#1 C:\Apache\htdocs\CustomMVC\public\index.php(37): Framework\Dispatcher->handle(Object(Framework\Request))
#2 {main}
  thrown in C:\Apache\htdocs\CustomMVC\src\Framework\ControllerRequestHandler.php on line 15
[19-Jan-2024 09:42:31 UTC] PHP Deprecated:  Function ReflectionType::__toString() is deprecated in C:\Apache\htdocs\CustomMVC\src\Framework\Container.php on line 30
[19-Jan-2024 09:42:31 UTC] PHP Deprecated:  Function ReflectionType::__toString() is deprecated in C:\Apache\htdocs\CustomMVC\src\Framework\Container.php on line 30
[19-Jan-2024 09:42:31 UTC] PHP Fatal error:  Uncaught Error: Object of class Framework\ControllerRequestHandler could not be converted to string in C:\Apache\htdocs\CustomMVC\src\Framework\ControllerRequestHandler.php:17
Stack trace:
#0 C:\Apache\htdocs\CustomMVC\src\Framework\Dispatcher.php(36): Framework\ControllerRequestHandler->handle(Object(Framework\Request))
#1 C:\Apache\htdocs\CustomMVC\public\index.php(37): Framework\Dispatcher->handle(Object(Framework\Request))
#2 {main}
  thrown in C:\Apache\htdocs\CustomMVC\src\Framework\ControllerRequestHandler.php on line 17
[19-Jan-2024 09:43:28 UTC] PHP Deprecated:  Function ReflectionType::__toString() is deprecated in C:\Apache\htdocs\CustomMVC\src\Framework\Container.php on line 30
[19-Jan-2024 09:43:28 UTC] PHP Deprecated:  Function ReflectionType::__toString() is deprecated in C:\Apache\htdocs\CustomMVC\src\Framework\Container.php on line 30
[19-Jan-2024 09:43:41 UTC] PHP Deprecated:  Function ReflectionType::__toString() is deprecated in C:\Apache\htdocs\CustomMVC\src\Framework\Container.php on line 30
[19-Jan-2024 09:43:41 UTC] PHP Deprecated:  Function ReflectionType::__toString() is deprecated in C:\Apache\htdocs\CustomMVC\src\Framework\Container.php on line 30
